2024-11-24 23:02:28,090 - Имя: D:\Projects\GB\GB_Python_Diving\.git, Расширение: , Каталог: True, Родительский каталог: D:\Projects\GB\GB_Python_Diving
2024-11-24 23:02:28,090 - Имя: D:\Projects\GB\GB_Python_Diving\.git\config, Расширение: , Каталог: False, Родительский каталог: D:\Projects\GB\GB_Python_Diving\.git
2024-11-24 23:02:28,090 - Имя: D:\Projects\GB\GB_Python_Diving\.git\description, Расширение: , Каталог: False, Родительский каталог: D:\Projects\GB\GB_Python_Diving\.git
2024-11-24 23:02:28,090 - Имя: D:\Projects\GB\GB_Python_Diving\.git\HEAD, Расширение: , Каталог: False, Родительский каталог: D:\Projects\GB\GB_Python_Diving\.git
2024-11-24 23:02:28,090 - Имя: D:\Projects\GB\GB_Python_Diving\.git\hooks, Расширение: , Каталог: True, Родительский каталог: D:\Projects\GB\GB_Python_Diving\.git
2024-11-24 23:02:28,090 - Имя: D:\Projects\GB\GB_Python_Diving\.git\hooks\applypatch-msg, Расширение: .sample, Каталог: False, Родительский каталог: D:\Projects\GB\GB_Python_Diving\.git\hooks
2024-11-24 23:02:28,090 - Имя: D:\Projects\GB\GB_Python_Diving\.git\hooks\commit-msg, Расширение: .sample, Каталог: False, Родительский каталог: D:\Projects\GB\GB_Python_Diving\.git\hooks
2024-11-24 23:02:28,090 - Имя: D:\Projects\GB\GB_Python_Diving\.git\hooks\fsmonitor-watchman, Расширение: .sample, Каталог: False, Родительский каталог: D:\Projects\GB\GB_Python_Diving\.git\hooks
2024-11-24 23:02:28,090 - Имя: D:\Projects\GB\GB_Python_Diving\.git\hooks\post-update, Расширение: .sample, Каталог: False, Родительский каталог: D:\Projects\GB\GB_Python_Diving\.git\hooks
2024-11-24 23:02:28,090 - Имя: D:\Projects\GB\GB_Python_Diving\.git\hooks\pre-applypatch, Расширение: .sample, Каталог: False, Родительский каталог: D:\Projects\GB\GB_Python_Diving\.git\hooks
2024-11-24 23:02:28,090 - Имя: D:\Projects\GB\GB_Python_Diving\.git\hooks\pre-commit, Расширение: .sample, Каталог: False, Родительский каталог: D:\Projects\GB\GB_Python_Diving\.git\hooks
2024-11-24 23:02:28,090 - Имя: D:\Projects\GB\GB_Python_Diving\.git\hooks\pre-merge-commit, Расширение: .sample, Каталог: False, Родительский каталог: D:\Projects\GB\GB_Python_Diving\.git\hooks
2024-11-24 23:02:28,090 - Имя: D:\Projects\GB\GB_Python_Diving\.git\hooks\pre-push, Расширение: .sample, Каталог: False, Родительский каталог: D:\Projects\GB\GB_Python_Diving\.git\hooks
2024-11-24 23:02:28,090 - Имя: D:\Projects\GB\GB_Python_Diving\.git\hooks\pre-rebase, Расширение: .sample, Каталог: False, Родительский каталог: D:\Projects\GB\GB_Python_Diving\.git\hooks
2024-11-24 23:02:28,090 - Имя: D:\Projects\GB\GB_Python_Diving\.git\hooks\pre-receive, Расширение: .sample, Каталог: False, Родительский каталог: D:\Projects\GB\GB_Python_Diving\.git\hooks
2024-11-24 23:02:28,090 - Имя: D:\Projects\GB\GB_Python_Diving\.git\hooks\prepare-commit-msg, Расширение: .sample, Каталог: False, Родительский каталог: D:\Projects\GB\GB_Python_Diving\.git\hooks
2024-11-24 23:02:28,090 - Имя: D:\Projects\GB\GB_Python_Diving\.git\hooks\push-to-checkout, Расширение: .sample, Каталог: False, Родительский каталог: D:\Projects\GB\GB_Python_Diving\.git\hooks
2024-11-24 23:02:28,090 - Имя: D:\Projects\GB\GB_Python_Diving\.git\hooks\sendemail-validate, Расширение: .sample, Каталог: False, Родительский каталог: D:\Projects\GB\GB_Python_Diving\.git\hooks
2024-11-24 23:02:28,090 - Имя: D:\Projects\GB\GB_Python_Diving\.git\hooks\update, Расширение: .sample, Каталог: False, Родительский каталог: D:\Projects\GB\GB_Python_Diving\.git\hooks
2024-11-24 23:02:28,090 - Имя: D:\Projects\GB\GB_Python_Diving\.git\info, Расширение: , Каталог: True, Родительский каталог: D:\Projects\GB\GB_Python_Diving\.git
2024-11-24 23:02:28,090 - Имя: D:\Projects\GB\GB_Python_Diving\.git\info\exclude, Расширение: , Каталог: False, Родительский каталог: D:\Projects\GB\GB_Python_Diving\.git\info
2024-11-24 23:02:28,090 - Имя: D:\Projects\GB\GB_Python_Diving\.git\objects, Расширение: , Каталог: True, Родительский каталог: D:\Projects\GB\GB_Python_Diving\.git
2024-11-24 23:02:28,090 - Имя: D:\Projects\GB\GB_Python_Diving\.git\objects\info, Расширение: , Каталог: True, Родительский каталог: D:\Projects\GB\GB_Python_Diving\.git\objects
2024-11-24 23:02:28,090 - Имя: D:\Projects\GB\GB_Python_Diving\.git\objects\pack, Расширение: , Каталог: True, Родительский каталог: D:\Projects\GB\GB_Python_Diving\.git\objects
2024-11-24 23:02:28,090 - Имя: D:\Projects\GB\GB_Python_Diving\.git\refs, Расширение: , Каталог: True, Родительский каталог: D:\Projects\GB\GB_Python_Diving\.git
2024-11-24 23:02:28,090 - Имя: D:\Projects\GB\GB_Python_Diving\.git\refs\heads, Расширение: , Каталог: True, Родительский каталог: D:\Projects\GB\GB_Python_Diving\.git\refs
2024-11-24 23:02:28,090 - Имя: D:\Projects\GB\GB_Python_Diving\.git\refs\tags, Расширение: , Каталог: True, Родительский каталог: D:\Projects\GB\GB_Python_Diving\.git\refs
2024-11-24 23:02:28,090 - Имя: D:\Projects\GB\GB_Python_Diving\.gitignore, Расширение: , Каталог: False, Родительский каталог: D:\Projects\GB\GB_Python_Diving
2024-11-24 23:02:28,090 - Имя: D:\Projects\GB\GB_Python_Diving\.idea, Расширение: , Каталог: True, Родительский каталог: D:\Projects\GB\GB_Python_Diving
2024-11-24 23:02:28,090 - Имя: D:\Projects\GB\GB_Python_Diving\.idea\.gitignore, Расширение: , Каталог: False, Родительский каталог: D:\Projects\GB\GB_Python_Diving\.idea
2024-11-24 23:02:28,090 - Имя: D:\Projects\GB\GB_Python_Diving\.idea\.name, Расширение: , Каталог: False, Родительский каталог: D:\Projects\GB\GB_Python_Diving\.idea
2024-11-24 23:02:28,090 - Имя: D:\Projects\GB\GB_Python_Diving\.idea\inspectionProfiles, Расширение: , Каталог: True, Родительский каталог: D:\Projects\GB\GB_Python_Diving\.idea
2024-11-24 23:02:28,090 - Имя: D:\Projects\GB\GB_Python_Diving\.idea\inspectionProfiles\profiles_settings, Расширение: .xml, Каталог: False, Родительский каталог: D:\Projects\GB\GB_Python_Diving\.idea\inspectionProfiles
2024-11-24 23:02:28,090 - Имя: D:\Projects\GB\GB_Python_Diving\.idea\misc, Расширение: .xml, Каталог: False, Родительский каталог: D:\Projects\GB\GB_Python_Diving\.idea
2024-11-24 23:02:28,090 - Имя: D:\Projects\GB\GB_Python_Diving\.idea\modules, Расширение: .xml, Каталог: False, Родительский каталог: D:\Projects\GB\GB_Python_Diving\.idea
2024-11-24 23:02:28,090 - Имя: D:\Projects\GB\GB_Python_Diving\.idea\PythonGB, Расширение: .iml, Каталог: False, Родительский каталог: D:\Projects\GB\GB_Python_Diving\.idea
2024-11-24 23:02:28,090 - Имя: D:\Projects\GB\GB_Python_Diving\.idea\vcs, Расширение: .xml, Каталог: False, Родительский каталог: D:\Projects\GB\GB_Python_Diving\.idea
2024-11-24 23:02:28,090 - Имя: D:\Projects\GB\GB_Python_Diving\.idea\workspace, Расширение: .xml, Каталог: False, Родительский каталог: D:\Projects\GB\GB_Python_Diving\.idea
2024-11-24 23:02:28,090 - Имя: D:\Projects\GB\GB_Python_Diving\seminar02, Расширение: , Каталог: True, Родительский каталог: D:\Projects\GB\GB_Python_Diving
2024-11-24 23:02:28,090 - Имя: D:\Projects\GB\GB_Python_Diving\seminar02\hometask_02_1, Расширение: .py, Каталог: False, Родительский каталог: D:\Projects\GB\GB_Python_Diving\seminar02
2024-11-24 23:02:28,090 - Имя: D:\Projects\GB\GB_Python_Diving\seminar02\hometask_02_2, Расширение: .py, Каталог: False, Родительский каталог: D:\Projects\GB\GB_Python_Diving\seminar02
2024-11-24 23:02:28,090 - Имя: D:\Projects\GB\GB_Python_Diving\seminar02\hometask_02_3, Расширение: .py, Каталог: False, Родительский каталог: D:\Projects\GB\GB_Python_Diving\seminar02
2024-11-24 23:02:28,090 - Имя: D:\Projects\GB\GB_Python_Diving\seminar02\seminar_02_8, Расширение: .py, Каталог: False, Родительский каталог: D:\Projects\GB\GB_Python_Diving\seminar02
2024-11-24 23:02:28,090 - Имя: D:\Projects\GB\GB_Python_Diving\seminar02\seminar_02_9, Расширение: .py, Каталог: False, Родительский каталог: D:\Projects\GB\GB_Python_Diving\seminar02
2024-11-24 23:02:28,090 - Имя: D:\Projects\GB\GB_Python_Diving\seminar04, Расширение: , Каталог: True, Родительский каталог: D:\Projects\GB\GB_Python_Diving
2024-11-24 23:02:28,090 - Имя: D:\Projects\GB\GB_Python_Diving\seminar04\hometask_04_1, Расширение: .py, Каталог: False, Родительский каталог: D:\Projects\GB\GB_Python_Diving\seminar04
2024-11-24 23:02:28,090 - Имя: D:\Projects\GB\GB_Python_Diving\seminar04\hometask_04_2, Расширение: .py, Каталог: False, Родительский каталог: D:\Projects\GB\GB_Python_Diving\seminar04
2024-11-24 23:02:28,090 - Имя: D:\Projects\GB\GB_Python_Diving\seminar04\seminar_04_3, Расширение: .py, Каталог: False, Родительский каталог: D:\Projects\GB\GB_Python_Diving\seminar04
2024-11-24 23:02:28,090 - Имя: D:\Projects\GB\GB_Python_Diving\seminar04\seminar_04_4, Расширение: .py, Каталог: False, Родительский каталог: D:\Projects\GB\GB_Python_Diving\seminar04
2024-11-24 23:02:28,090 - Имя: D:\Projects\GB\GB_Python_Diving\seminar04\seminar_04_5, Расширение: .py, Каталог: False, Родительский каталог: D:\Projects\GB\GB_Python_Diving\seminar04
2024-11-24 23:02:28,090 - Имя: D:\Projects\GB\GB_Python_Diving\seminar04\seminar_04_6, Расширение: .py, Каталог: False, Родительский каталог: D:\Projects\GB\GB_Python_Diving\seminar04
2024-11-24 23:02:28,090 - Имя: D:\Projects\GB\GB_Python_Diving\seminar06, Расширение: , Каталог: True, Родительский каталог: D:\Projects\GB\GB_Python_Diving
2024-11-24 23:02:28,090 - Имя: D:\Projects\GB\GB_Python_Diving\seminar06\hometask_06_1, Расширение: .py, Каталог: False, Родительский каталог: D:\Projects\GB\GB_Python_Diving\seminar06
2024-11-24 23:02:28,090 - Имя: D:\Projects\GB\GB_Python_Diving\seminar06\hometask_06_1_ai, Расширение: .py, Каталог: False, Родительский каталог: D:\Projects\GB\GB_Python_Diving\seminar06
2024-11-24 23:02:28,090 - Имя: D:\Projects\GB\GB_Python_Diving\seminar06\hometask_06_2, Расширение: .py, Каталог: False, Родительский каталог: D:\Projects\GB\GB_Python_Diving\seminar06
2024-11-24 23:02:28,090 - Имя: D:\Projects\GB\GB_Python_Diving\seminar06\hometask_06_4, Расширение: .py, Каталог: False, Родительский каталог: D:\Projects\GB\GB_Python_Diving\seminar06
2024-11-24 23:02:28,090 - Имя: D:\Projects\GB\GB_Python_Diving\seminar06\seminar_06_1, Расширение: .py, Каталог: False, Родительский каталог: D:\Projects\GB\GB_Python_Diving\seminar06
2024-11-24 23:02:28,090 - Имя: D:\Projects\GB\GB_Python_Diving\seminar06\seminar_06_2, Расширение: .py, Каталог: False, Родительский каталог: D:\Projects\GB\GB_Python_Diving\seminar06
2024-11-24 23:02:28,090 - Имя: D:\Projects\GB\GB_Python_Diving\seminar06\seminar_06_3, Расширение: .py, Каталог: False, Родительский каталог: D:\Projects\GB\GB_Python_Diving\seminar06
2024-11-24 23:02:28,090 - Имя: D:\Projects\GB\GB_Python_Diving\seminar06\seminar_06_4, Расширение: .py, Каталог: False, Родительский каталог: D:\Projects\GB\GB_Python_Diving\seminar06
2024-11-24 23:02:28,090 - Имя: D:\Projects\GB\GB_Python_Diving\seminar06\seminar_06_5, Расширение: .py, Каталог: False, Родительский каталог: D:\Projects\GB\GB_Python_Diving\seminar06
2024-11-24 23:02:28,090 - Имя: D:\Projects\GB\GB_Python_Diving\seminar06\seminar_06_6, Расширение: .py, Каталог: False, Родительский каталог: D:\Projects\GB\GB_Python_Diving\seminar06
2024-11-24 23:02:28,090 - Имя: D:\Projects\GB\GB_Python_Diving\seminar06\seminar_06_7, Расширение: .py, Каталог: False, Родительский каталог: D:\Projects\GB\GB_Python_Diving\seminar06
2024-11-24 23:02:28,090 - Имя: D:\Projects\GB\GB_Python_Diving\seminar06\seminar_06_8, Расширение: .py, Каталог: False, Родительский каталог: D:\Projects\GB\GB_Python_Diving\seminar06
2024-11-24 23:02:28,090 - Имя: D:\Projects\GB\GB_Python_Diving\seminar08, Расширение: , Каталог: True, Родительский каталог: D:\Projects\GB\GB_Python_Diving
2024-11-24 23:02:28,090 - Имя: D:\Projects\GB\GB_Python_Diving\seminar08\hometask_08_1, Расширение: .py, Каталог: False, Родительский каталог: D:\Projects\GB\GB_Python_Diving\seminar08
2024-11-24 23:02:28,090 - Имя: D:\Projects\GB\GB_Python_Diving\seminar08\hometask_08_2, Расширение: .py, Каталог: False, Родительский каталог: D:\Projects\GB\GB_Python_Diving\seminar08
2024-11-24 23:02:28,090 - Имя: D:\Projects\GB\GB_Python_Diving\seminar08\hometask_08_3, Расширение: .py, Каталог: False, Родительский каталог: D:\Projects\GB\GB_Python_Diving\seminar08
2024-11-24 23:02:28,090 - Имя: D:\Projects\GB\GB_Python_Diving\seminar08\seminar_08_1, Расширение: .py, Каталог: False, Родительский каталог: D:\Projects\GB\GB_Python_Diving\seminar08
2024-11-24 23:02:28,090 - Имя: D:\Projects\GB\GB_Python_Diving\seminar08\seminar_08_2, Расширение: .py, Каталог: False, Родительский каталог: D:\Projects\GB\GB_Python_Diving\seminar08
2024-11-24 23:02:28,090 - Имя: D:\Projects\GB\GB_Python_Diving\seminar08\seminar_08_3, Расширение: .py, Каталог: False, Родительский каталог: D:\Projects\GB\GB_Python_Diving\seminar08
2024-11-24 23:02:28,090 - Имя: D:\Projects\GB\GB_Python_Diving\seminar08\seminar_08_4, Расширение: .py, Каталог: False, Родительский каталог: D:\Projects\GB\GB_Python_Diving\seminar08
2024-11-24 23:02:28,090 - Имя: D:\Projects\GB\GB_Python_Diving\seminar08\seminar_08_5, Расширение: .py, Каталог: False, Родительский каталог: D:\Projects\GB\GB_Python_Diving\seminar08
2024-11-24 23:02:28,090 - Имя: D:\Projects\GB\GB_Python_Diving\seminar08\seminar_08_6, Расширение: .py, Каталог: False, Родительский каталог: D:\Projects\GB\GB_Python_Diving\seminar08
2024-11-24 23:02:28,090 - Имя: D:\Projects\GB\GB_Python_Diving\seminar08\seminar_08_7, Расширение: .py, Каталог: False, Родительский каталог: D:\Projects\GB\GB_Python_Diving\seminar08
2024-11-24 23:02:28,090 - Имя: D:\Projects\GB\GB_Python_Diving\seminar08\seminar_08_8, Расширение: .py, Каталог: False, Родительский каталог: D:\Projects\GB\GB_Python_Diving\seminar08
2024-11-24 23:02:28,090 - Имя: D:\Projects\GB\GB_Python_Diving\seminar10, Расширение: , Каталог: True, Родительский каталог: D:\Projects\GB\GB_Python_Diving
2024-11-24 23:02:28,090 - Имя: D:\Projects\GB\GB_Python_Diving\seminar10\hometask_10_1, Расширение: .py, Каталог: False, Родительский каталог: D:\Projects\GB\GB_Python_Diving\seminar10
2024-11-24 23:02:28,090 - Имя: D:\Projects\GB\GB_Python_Diving\seminar10\hometask_10_2, Расширение: .py, Каталог: False, Родительский каталог: D:\Projects\GB\GB_Python_Diving\seminar10
2024-11-24 23:02:28,090 - Имя: D:\Projects\GB\GB_Python_Diving\seminar10\hometask_10_3, Расширение: .py, Каталог: False, Родительский каталог: D:\Projects\GB\GB_Python_Diving\seminar10
2024-11-24 23:02:28,090 - Имя: D:\Projects\GB\GB_Python_Diving\seminar10\seminar_10_1, Расширение: .py, Каталог: False, Родительский каталог: D:\Projects\GB\GB_Python_Diving\seminar10
2024-11-24 23:02:28,090 - Имя: D:\Projects\GB\GB_Python_Diving\seminar10\seminar_10_2, Расширение: .py, Каталог: False, Родительский каталог: D:\Projects\GB\GB_Python_Diving\seminar10
2024-11-24 23:02:28,090 - Имя: D:\Projects\GB\GB_Python_Diving\seminar10\seminar_10_3, Расширение: .py, Каталог: False, Родительский каталог: D:\Projects\GB\GB_Python_Diving\seminar10
2024-11-24 23:02:28,090 - Имя: D:\Projects\GB\GB_Python_Diving\seminar10\seminar_10_4, Расширение: .py, Каталог: False, Родительский каталог: D:\Projects\GB\GB_Python_Diving\seminar10
2024-11-24 23:02:28,090 - Имя: D:\Projects\GB\GB_Python_Diving\seminar10\seminar_10_5, Расширение: .py, Каталог: False, Родительский каталог: D:\Projects\GB\GB_Python_Diving\seminar10
2024-11-24 23:02:28,090 - Имя: D:\Projects\GB\GB_Python_Diving\seminar10\seminar_10_6, Расширение: .py, Каталог: False, Родительский каталог: D:\Projects\GB\GB_Python_Diving\seminar10
2024-11-24 23:02:28,090 - Имя: D:\Projects\GB\GB_Python_Diving\seminar10\seminar_10_7, Расширение: .py, Каталог: False, Родительский каталог: D:\Projects\GB\GB_Python_Diving\seminar10
2024-11-24 23:02:28,090 - Имя: D:\Projects\GB\GB_Python_Diving\seminar12, Расширение: , Каталог: True, Родительский каталог: D:\Projects\GB\GB_Python_Diving
2024-11-24 23:02:28,090 - Имя: D:\Projects\GB\GB_Python_Diving\seminar12\hometask_12_1, Расширение: .py, Каталог: False, Родительский каталог: D:\Projects\GB\GB_Python_Diving\seminar12
2024-11-24 23:02:28,090 - Имя: D:\Projects\GB\GB_Python_Diving\seminar12\hometask_12_2-3_chess, Расширение: .py, Каталог: False, Родительский каталог: D:\Projects\GB\GB_Python_Diving\seminar12
2024-11-24 23:02:28,090 - Имя: D:\Projects\GB\GB_Python_Diving\seminar12\seminar12packet, Расширение: , Каталог: True, Родительский каталог: D:\Projects\GB\GB_Python_Diving\seminar12
2024-11-24 23:02:28,090 - Имя: D:\Projects\GB\GB_Python_Diving\seminar12\seminar12packet\check_date, Расширение: .py, Каталог: False, Родительский каталог: D:\Projects\GB\GB_Python_Diving\seminar12\seminar12packet
2024-11-24 23:02:28,090 - Имя: D:\Projects\GB\GB_Python_Diving\seminar12\seminar12packet\chess, Расширение: .py, Каталог: False, Родительский каталог: D:\Projects\GB\GB_Python_Diving\seminar12\seminar12packet
2024-11-24 23:02:28,090 - Имя: D:\Projects\GB\GB_Python_Diving\seminar12\seminar12packet\guess_number, Расширение: .py, Каталог: False, Родительский каталог: D:\Projects\GB\GB_Python_Diving\seminar12\seminar12packet
2024-11-24 23:02:28,090 - Имя: D:\Projects\GB\GB_Python_Diving\seminar12\seminar12packet\riddles, Расширение: .py, Каталог: False, Родительский каталог: D:\Projects\GB\GB_Python_Diving\seminar12\seminar12packet
2024-11-24 23:02:28,090 - Имя: D:\Projects\GB\GB_Python_Diving\seminar12\seminar12packet\__init__, Расширение: .py, Каталог: False, Родительский каталог: D:\Projects\GB\GB_Python_Diving\seminar12\seminar12packet
2024-11-24 23:02:28,090 - Имя: D:\Projects\GB\GB_Python_Diving\seminar12\seminar_12_2-3_guess_number, Расширение: .py, Каталог: False, Родительский каталог: D:\Projects\GB\GB_Python_Diving\seminar12
2024-11-24 23:02:28,090 - Имя: D:\Projects\GB\GB_Python_Diving\seminar12\seminar_12_4-6_riddles, Расширение: .py, Каталог: False, Родительский каталог: D:\Projects\GB\GB_Python_Diving\seminar12
2024-11-24 23:02:28,090 - Имя: D:\Projects\GB\GB_Python_Diving\seminar12\seminar_12_7_check_date, Расширение: .py, Каталог: False, Родительский каталог: D:\Projects\GB\GB_Python_Diving\seminar12
2024-11-24 23:02:28,090 - Имя: D:\Projects\GB\GB_Python_Diving\seminar14, Расширение: , Каталог: True, Родительский каталог: D:\Projects\GB\GB_Python_Diving
2024-11-24 23:02:28,090 - Имя: D:\Projects\GB\GB_Python_Diving\seminar14\hometask_14_2, Расширение: .py, Каталог: False, Родительский каталог: D:\Projects\GB\GB_Python_Diving\seminar14
2024-11-24 23:02:28,090 - Имя: D:\Projects\GB\GB_Python_Diving\seminar14\seminar14packet, Расширение: , Каталог: True, Родительский каталог: D:\Projects\GB\GB_Python_Diving\seminar14
2024-11-24 23:02:28,090 - Имя: D:\Projects\GB\GB_Python_Diving\seminar14\seminar14packet\my_files, Расширение: .py, Каталог: False, Родительский каталог: D:\Projects\GB\GB_Python_Diving\seminar14\seminar14packet
2024-11-24 23:02:28,090 - Имя: D:\Projects\GB\GB_Python_Diving\seminar14\seminar14packet\__init__, Расширение: .py, Каталог: False, Родительский каталог: D:\Projects\GB\GB_Python_Diving\seminar14\seminar14packet
2024-11-24 23:02:28,090 - Имя: D:\Projects\GB\GB_Python_Diving\seminar14\seminar_14_1, Расширение: .txt, Каталог: False, Родительский каталог: D:\Projects\GB\GB_Python_Diving\seminar14
2024-11-24 23:02:28,090 - Имя: D:\Projects\GB\GB_Python_Diving\seminar14\seminar_14_2, Расширение: .txt, Каталог: False, Родительский каталог: D:\Projects\GB\GB_Python_Diving\seminar14
2024-11-24 23:02:28,090 - Имя: D:\Projects\GB\GB_Python_Diving\seminar14\seminar_14_3, Расширение: .txt, Каталог: False, Родительский каталог: D:\Projects\GB\GB_Python_Diving\seminar14
2024-11-24 23:02:28,090 - Имя: D:\Projects\GB\GB_Python_Diving\seminar14\seminar_14_hometask_14_1, Расширение: .py, Каталог: False, Родительский каталог: D:\Projects\GB\GB_Python_Diving\seminar14
2024-11-24 23:02:28,090 - Имя: D:\Projects\GB\GB_Python_Diving\seminar16, Расширение: , Каталог: True, Родительский каталог: D:\Projects\GB\GB_Python_Diving
2024-11-24 23:02:28,090 - Имя: D:\Projects\GB\GB_Python_Diving\seminar16\accessdb, Расширение: .json, Каталог: False, Родительский каталог: D:\Projects\GB\GB_Python_Diving\seminar16
2024-11-24 23:02:28,090 - Имя: D:\Projects\GB\GB_Python_Diving\seminar16\hometask_16_1, Расширение: .csv, Каталог: False, Родительский каталог: D:\Projects\GB\GB_Python_Diving\seminar16
2024-11-24 23:02:28,090 - Имя: D:\Projects\GB\GB_Python_Diving\seminar16\hometask_16_1, Расширение: .json, Каталог: False, Родительский каталог: D:\Projects\GB\GB_Python_Diving\seminar16
2024-11-24 23:02:28,090 - Имя: D:\Projects\GB\GB_Python_Diving\seminar16\hometask_16_1, Расширение: .pkl, Каталог: False, Родительский каталог: D:\Projects\GB\GB_Python_Diving\seminar16
2024-11-24 23:02:28,090 - Имя: D:\Projects\GB\GB_Python_Diving\seminar16\hometask_16_1, Расширение: .py, Каталог: False, Родительский каталог: D:\Projects\GB\GB_Python_Diving\seminar16
2024-11-24 23:02:28,090 - Имя: D:\Projects\GB\GB_Python_Diving\seminar16\hometask_16_2, Расширение: .py, Каталог: False, Родительский каталог: D:\Projects\GB\GB_Python_Diving\seminar16
2024-11-24 23:02:28,090 - Имя: D:\Projects\GB\GB_Python_Diving\seminar16\seminar_16_1, Расширение: .json, Каталог: False, Родительский каталог: D:\Projects\GB\GB_Python_Diving\seminar16
2024-11-24 23:02:28,090 - Имя: D:\Projects\GB\GB_Python_Diving\seminar16\seminar_16_1, Расширение: .py, Каталог: False, Родительский каталог: D:\Projects\GB\GB_Python_Diving\seminar16
2024-11-24 23:02:28,090 - Имя: D:\Projects\GB\GB_Python_Diving\seminar16\seminar_16_1, Расширение: .txt, Каталог: False, Родительский каталог: D:\Projects\GB\GB_Python_Diving\seminar16
2024-11-24 23:02:28,090 - Имя: D:\Projects\GB\GB_Python_Diving\seminar16\seminar_16_2, Расширение: .py, Каталог: False, Родительский каталог: D:\Projects\GB\GB_Python_Diving\seminar16
2024-11-24 23:02:28,090 - Имя: D:\Projects\GB\GB_Python_Diving\seminar18, Расширение: , Каталог: True, Родительский каталог: D:\Projects\GB\GB_Python_Diving
2024-11-24 23:02:28,090 - Имя: D:\Projects\GB\GB_Python_Diving\seminar18\hometask_18_1, Расширение: .py, Каталог: False, Родительский каталог: D:\Projects\GB\GB_Python_Diving\seminar18
2024-11-24 23:02:28,090 - Имя: D:\Projects\GB\GB_Python_Diving\seminar18\hometask_18_2, Расширение: .py, Каталог: False, Родительский каталог: D:\Projects\GB\GB_Python_Diving\seminar18
2024-11-24 23:02:28,090 - Имя: D:\Projects\GB\GB_Python_Diving\seminar18\koefs, Расширение: .csv, Каталог: False, Родительский каталог: D:\Projects\GB\GB_Python_Diving\seminar18
2024-11-24 23:02:28,090 - Имя: D:\Projects\GB\GB_Python_Diving\seminar18\results, Расширение: .json, Каталог: False, Родительский каталог: D:\Projects\GB\GB_Python_Diving\seminar18
2024-11-24 23:02:28,090 - Имя: D:\Projects\GB\GB_Python_Diving\seminar18\seminar_18_1, Расширение: .py, Каталог: False, Родительский каталог: D:\Projects\GB\GB_Python_Diving\seminar18
2024-11-24 23:02:28,090 - Имя: D:\Projects\GB\GB_Python_Diving\seminar18\seminar_18_2, Расширение: .py, Каталог: False, Родительский каталог: D:\Projects\GB\GB_Python_Diving\seminar18
2024-11-24 23:02:28,090 - Имя: D:\Projects\GB\GB_Python_Diving\seminar18\seminar_18_3, Расширение: .py, Каталог: False, Родительский каталог: D:\Projects\GB\GB_Python_Diving\seminar18
2024-11-24 23:02:28,090 - Имя: D:\Projects\GB\GB_Python_Diving\seminar18\seminar_18_4, Расширение: .py, Каталог: False, Родительский каталог: D:\Projects\GB\GB_Python_Diving\seminar18
2024-11-24 23:02:28,090 - Имя: D:\Projects\GB\GB_Python_Diving\seminar18\seminar_18_5, Расширение: .py, Каталог: False, Родительский каталог: D:\Projects\GB\GB_Python_Diving\seminar18
2024-11-24 23:02:28,090 - Имя: D:\Projects\GB\GB_Python_Diving\seminar18\seminar_18_6, Расширение: .py, Каталог: False, Родительский каталог: D:\Projects\GB\GB_Python_Diving\seminar18
2024-11-24 23:02:28,090 - Имя: D:\Projects\GB\GB_Python_Diving\seminar20, Расширение: , Каталог: True, Родительский каталог: D:\Projects\GB\GB_Python_Diving
2024-11-24 23:02:28,090 - Имя: D:\Projects\GB\GB_Python_Diving\seminar20\hometask_20_1, Расширение: .py, Каталог: False, Родительский каталог: D:\Projects\GB\GB_Python_Diving\seminar20
2024-11-24 23:02:28,090 - Имя: D:\Projects\GB\GB_Python_Diving\seminar20\hometask_20_2, Расширение: .py, Каталог: False, Родительский каталог: D:\Projects\GB\GB_Python_Diving\seminar20
2024-11-24 23:02:28,090 - Имя: D:\Projects\GB\GB_Python_Diving\seminar20\seminar_20_1, Расширение: .py, Каталог: False, Родительский каталог: D:\Projects\GB\GB_Python_Diving\seminar20
2024-11-24 23:02:28,090 - Имя: D:\Projects\GB\GB_Python_Diving\seminar20\seminar_20_2, Расширение: .py, Каталог: False, Родительский каталог: D:\Projects\GB\GB_Python_Diving\seminar20
2024-11-24 23:02:28,090 - Имя: D:\Projects\GB\GB_Python_Diving\seminar20\seminar_20_3, Расширение: .py, Каталог: False, Родительский каталог: D:\Projects\GB\GB_Python_Diving\seminar20
2024-11-24 23:02:28,090 - Имя: D:\Projects\GB\GB_Python_Diving\seminar22, Расширение: , Каталог: True, Родительский каталог: D:\Projects\GB\GB_Python_Diving
2024-11-24 23:02:28,090 - Имя: D:\Projects\GB\GB_Python_Diving\seminar22\hometask_22_1, Расширение: .py, Каталог: False, Родительский каталог: D:\Projects\GB\GB_Python_Diving\seminar22
2024-11-24 23:02:28,090 - Имя: D:\Projects\GB\GB_Python_Diving\seminar22\hometask_22_2, Расширение: .py, Каталог: False, Родительский каталог: D:\Projects\GB\GB_Python_Diving\seminar22
2024-11-24 23:02:28,090 - Имя: D:\Projects\GB\GB_Python_Diving\seminar22\hometask_22_3, Расширение: .py, Каталог: False, Родительский каталог: D:\Projects\GB\GB_Python_Diving\seminar22
2024-11-24 23:02:28,090 - Имя: D:\Projects\GB\GB_Python_Diving\seminar22\hometask_22_4, Расширение: .py, Каталог: False, Родительский каталог: D:\Projects\GB\GB_Python_Diving\seminar22
2024-11-24 23:02:28,090 - Имя: D:\Projects\GB\GB_Python_Diving\seminar24, Расширение: , Каталог: True, Родительский каталог: D:\Projects\GB\GB_Python_Diving
2024-11-24 23:02:28,090 - Имя: D:\Projects\GB\GB_Python_Diving\seminar24\hometask_24_1, Расширение: .py, Каталог: False, Родительский каталог: D:\Projects\GB\GB_Python_Diving\seminar24
2024-11-24 23:02:28,090 - Имя: D:\Projects\GB\GB_Python_Diving\seminar24\subjects, Расширение: .csv, Каталог: False, Родительский каталог: D:\Projects\GB\GB_Python_Diving\seminar24
2024-11-24 23:02:28,090 - Имя: D:\Projects\GB\GB_Python_Diving\seminar26, Расширение: , Каталог: True, Родительский каталог: D:\Projects\GB\GB_Python_Diving
2024-11-24 23:02:28,090 - Имя: D:\Projects\GB\GB_Python_Diving\seminar26\hometask_26_1, Расширение: .py, Каталог: False, Родительский каталог: D:\Projects\GB\GB_Python_Diving\seminar26
2024-11-24 23:02:28,090 - Имя: D:\Projects\GB\GB_Python_Diving\seminar26\hometask_26_2, Расширение: .py, Каталог: False, Родительский каталог: D:\Projects\GB\GB_Python_Diving\seminar26
2024-11-24 23:02:28,090 - Имя: D:\Projects\GB\GB_Python_Diving\seminar26\hometask_26_3, Расширение: .py, Каталог: False, Родительский каталог: D:\Projects\GB\GB_Python_Diving\seminar26
2024-11-24 23:02:28,090 - Имя: D:\Projects\GB\GB_Python_Diving\seminar28, Расширение: , Каталог: True, Родительский каталог: D:\Projects\GB\GB_Python_Diving
2024-11-24 23:02:28,090 - Имя: D:\Projects\GB\GB_Python_Diving\seminar28\ДЗ_28, Расширение: .pdf, Каталог: False, Родительский каталог: D:\Projects\GB\GB_Python_Diving\seminar28
2024-11-24 23:02:28,090 - Имя: D:\Projects\GB\GB_Python_Diving\seminar30, Расширение: , Каталог: True, Родительский каталог: D:\Projects\GB\GB_Python_Diving
2024-11-24 23:02:28,090 - Имя: D:\Projects\GB\GB_Python_Diving\seminar30\debug_info, Расширение: .log, Каталог: False, Родительский каталог: D:\Projects\GB\GB_Python_Diving\seminar30
2024-11-24 23:02:28,090 - Имя: D:\Projects\GB\GB_Python_Diving\seminar30\dir_info, Расширение: .log, Каталог: False, Родительский каталог: D:\Projects\GB\GB_Python_Diving\seminar30
2024-11-24 23:02:28,090 - Имя: D:\Projects\GB\GB_Python_Diving\seminar30\hometask_30_1, Расширение: .py, Каталог: False, Родительский каталог: D:\Projects\GB\GB_Python_Diving\seminar30
2024-11-24 23:02:28,090 - Имя: D:\Projects\GB\GB_Python_Diving\seminar30\hometask_30_2, Расширение: .py, Каталог: False, Родительский каталог: D:\Projects\GB\GB_Python_Diving\seminar30
2024-11-24 23:02:28,090 - Имя: D:\Projects\GB\GB_Python_Diving\seminar30\hometask_30_3, Расширение: .py, Каталог: False, Родительский каталог: D:\Projects\GB\GB_Python_Diving\seminar30
2024-11-24 23:02:28,090 - Имя: D:\Projects\GB\GB_Python_Diving\seminar30\hometask_30_4, Расширение: .py, Каталог: False, Родительский каталог: D:\Projects\GB\GB_Python_Diving\seminar30
2024-11-24 23:02:28,090 - Имя: D:\Projects\GB\GB_Python_Diving\seminar30\hometask_30_5, Расширение: .py, Каталог: False, Родительский каталог: D:\Projects\GB\GB_Python_Diving\seminar30
2024-11-24 23:02:28,090 - Имя: D:\Projects\GB\GB_Python_Diving\seminar30\warnings_errors, Расширение: .log, Каталог: False, Родительский каталог: D:\Projects\GB\GB_Python_Diving\seminar30
